c:\users\helen\desktop\hexeditor_0_9_5_src\hexeditor\projects\2003\release\vc120.pdb
c:\users\helen\desktop\hexeditor_0_9_5_src\hexeditor\projects\2003\release\utf8_16.obj
c:\users\helen\desktop\hexeditor_0_9_5_src\hexeditor\projects\2003\release\urlctrl.obj
c:\users\helen\desktop\hexeditor_0_9_5_src\hexeditor\projects\2003\release\tooltip.obj
c:\users\helen\desktop\hexeditor_0_9_5_src\hexeditor\projects\2003\release\optiondialog.obj
c:\users\helen\desktop\hexeditor_0_9_5_src\hexeditor\projects\2003\release\modifymenu.obj
c:\users\helen\desktop\hexeditor_0_9_5_src\hexeditor\projects\2003\release\helpdialog.obj
c:\users\helen\desktop\hexeditor_0_9_5_src\hexeditor\projects\2003\release\columndialog.obj
c:\users\helen\desktop\hexeditor_0_9_5_src\hexeditor\projects\2003\release\colorpopup.obj
c:\users\helen\desktop\hexeditor_0_9_5_src\hexeditor\projects\2003\release\multitypecombo.obj
c:\users\helen\desktop\hexeditor_0_9_5_src\hexeditor\projects\2003\release\hexdialog.obj
c:\users\helen\desktop\hexeditor_0_9_5_src\hexeditor\projects\2003\release\hex.obj
c:\users\helen\desktop\hexeditor_0_9_5_src\hexeditor\projects\2003\release\gotodialog.obj
c:\users\helen\desktop\hexeditor_0_9_5_src\hexeditor\projects\2003\release\comparedialog.obj
c:\users\helen\desktop\hexeditor_0_9_5_src\hexeditor\projects\2003\release\colorcombo.obj
c:\users\helen\desktop\hexeditor_0_9_5_src\hexeditor\projects\2003\release\patterndialog.obj
c:\users\helen\desktop\hexeditor_0_9_5_src\hexeditor\projects\2003\release\findreplacedialog.obj
c:\users\helen\desktop\hexeditor_0_9_5_src\hexeditor\projects\2003\release\staticdialog1.obj
c:\users\helen\desktop\hexeditor_0_9_5_src\hexeditor\projects\2003\release\stdafx1.obj
c:\users\helen\desktop\hexeditor_0_9_5_src\hexeditor\projects\2003\release\sysmsg1.obj
c:\users\helen\desktop\hexeditor_0_9_5_src\hexeditor\projects\2003\release\hexeditor.lib
c:\users\helen\desktop\hexeditor_0_9_5_src\hexeditor\projects\2003\release\hexeditor.exp
c:\users\helen\desktop\hexeditor_0_9_5_src\hexeditor\projects\2003\release\hexeditor.dll
c:\projects\nppplugins\hexeditor\map\hexeditor.map
c:\users\helen\desktop\hexeditor_0_9_5_src\hexeditor\projects\2003\release\hexeditor.pdb
c:\users\helen\desktop\hexeditor_0_9_5_src\hexeditor\projects\2003\release\hexdialog.res
